<?xml version="1.0" encoding="UTF-8"?>
<!-- Generated by org.testng.reporters.JUnitReportReporter -->
<testsuite skipped="0" hostname="DESKTOP-4DC082F" name="org.example.ExerciciosTreinamento2" tests="3" failures="0" timestamp="2020-07-03T14:58:44 BRT" time="1.185" errors="0">
  <testcase name="cadastroUsuariosDataDriving" time="0.529" classname="org.example.ExerciciosTreinamento2"/>
  <system-out/>
  <testcase name="cadastroUsuariosDataDriving" time="0.331" classname="org.example.ExerciciosTreinamento2"/>
  <system-out/>
  <testcase name="cadastroUsuariosDataDriving" time="0.325" classname="org.example.ExerciciosTreinamento2"/>
  <system-out/>
</testsuite> <!-- org.example.ExerciciosTreinamento2 -->
